<?xml version="1.0" encoding="UTF-8"?>
<testsuite xmlns:xsi="http://www.w3.org/2001/XMLSchema-instance" xsi:noNamespaceSchemaLocation="https://maven.apache.org/surefire/maven-surefire-plugin/xsd/surefire-test-report-3.0.xsd" version="3.0" name="common_objective.Algo10Test" time="0" tests="2" errors="0" skipped="0" failures="0">
  <properties>
    <property name="java.specification.version" value="19"/>
    <property name="sun.jnu.encoding" value="UTF-8"/>
    <property name="java.class.path" value="/Users/davide/Desktop/Informatica/Java/Intellij/Progetto_SWE/target/test-classes:/Users/davide/Desktop/Informatica/Java/Intellij/Progetto_SWE/target/classes:/Users/davide/.m2/repository/junit/junit/4.13.2/junit-4.13.2.jar:/Users/davide/.m2/repository/org/hamcrest/hamcrest-core/1.3/hamcrest-core-1.3.jar:"/>
    <property name="java.vm.vendor" value="Oracle Corporation"/>
    <property name="sun.arch.data.model" value="64"/>
    <property name="java.vendor.url" value="https://java.oracle.com/"/>
    <property name="os.name" value="Mac OS X"/>
    <property name="java.vm.specification.version" value="19"/>
    <property name="sun.java.launcher" value="SUN_STANDARD"/>
    <property name="user.country" value="IT"/>
    <property name="sun.boot.library.path" value="/Library/Java/JavaVirtualMachines/jdk-19.0.2.jdk/Contents/Home/lib"/>
    <property name="sun.java.command" value="/Users/davide/Desktop/Informatica/Java/Intellij/Progetto_SWE/target/surefire/surefirebooter-20230326111510115_3.jar /Users/davide/Desktop/Informatica/Java/Intellij/Progetto_SWE/target/surefire 2023-03-26T11-15-09_885-jvmRun1 surefire-20230326111510115_1tmp surefire_0-20230326111510115_2tmp"/>
    <property name="jdk.debug" value="release"/>
    <property name="surefire.test.class.path" value="/Users/davide/Desktop/Informatica/Java/Intellij/Progetto_SWE/target/test-classes:/Users/davide/Desktop/Informatica/Java/Intellij/Progetto_SWE/target/classes:/Users/davide/.m2/repository/junit/junit/4.13.2/junit-4.13.2.jar:/Users/davide/.m2/repository/org/hamcrest/hamcrest-core/1.3/hamcrest-core-1.3.jar:"/>
    <property name="sun.cpu.endian" value="little"/>
    <property name="user.home" value="/Users/davide"/>
    <property name="user.language" value="it"/>
    <property name="java.specification.vendor" value="Oracle Corporation"/>
    <property name="java.version.date" value="2023-01-17"/>
    <property name="java.home" value="/Library/Java/JavaVirtualMachines/jdk-19.0.2.jdk/Contents/Home"/>
    <property name="file.separator" value="/"/>
    <property name="basedir" value="/Users/davide/Desktop/Informatica/Java/Intellij/Progetto_SWE"/>
    <property name="java.vm.compressedOopsMode" value="Zero based"/>
    <property name="line.separator" value="&#10;"/>
    <property name="java.specification.name" value="Java Platform API Specification"/>
    <property name="java.vm.specification.vendor" value="Oracle Corporation"/>
    <property name="apple.awt.application.name" value="ForkedBooter"/>
    <property name="surefire.real.class.path" value="/Users/davide/Desktop/Informatica/Java/Intellij/Progetto_SWE/target/surefire/surefirebooter-20230326111510115_3.jar"/>
    <property name="sun.management.compiler" value="HotSpot 64-Bit Tiered Compilers"/>
    <property name="java.runtime.version" value="19.0.2+7-44"/>
    <property name="user.name" value="davide"/>
    <property name="stdout.encoding" value="UTF-8"/>
    <property name="path.separator" value=":"/>
    <property name="os.version" value="13.2.1"/>
    <property name="java.runtime.name" value="Java(TM) SE Runtime Environment"/>
    <property name="file.encoding" value="UTF-8"/>
    <property name="java.vm.name" value="Java HotSpot(TM) 64-Bit Server VM"/>
    <property name="localRepository" value="/Users/davide/.m2/repository"/>
    <property name="java.vendor.url.bug" value="https://bugreport.java.com/bugreport/"/>
    <property name="java.io.tmpdir" value="/var/folders/_v/q6j8tl0d2cb93y5h0_d24pgr0000gn/T/"/>
    <property name="idea.version" value="2022.2.3"/>
    <property name="java.version" value="19.0.2"/>
    <property name="user.dir" value="/Users/davide/Desktop/Informatica/Java/Intellij/Progetto_SWE"/>
    <property name="os.arch" value="x86_64"/>
    <property name="java.vm.specification.name" value="Java Virtual Machine Specification"/>
    <property name="native.encoding" value="UTF-8"/>
    <property name="java.library.path" value="/Users/davide/Library/Java/Extensions:/Library/Java/Extensions:/Network/Library/Java/Extensions:/System/Library/Java/Extensions:/usr/lib/java:."/>
    <property name="java.vm.info" value="mixed mode, sharing"/>
    <property name="stderr.encoding" value="UTF-8"/>
    <property name="java.vendor" value="Oracle Corporation"/>
    <property name="java.vm.version" value="19.0.2+7-44"/>
    <property name="sun.io.unicode.encoding" value="UnicodeBig"/>
    <property name="java.class.version" value="63.0"/>
  </properties>
  <testcase name="algo10_test1_F" classname="common_objective.Algo10Test" time="0"/>
  <testcase name="algo10_test1_T" classname="common_objective.Algo10Test" time="0"/>
</testsuite>